Routing company
Routing 企业资质
Routing contactus
Routing 工厂实景
Routing case
Routing gssddhl
Routing hlddhl
Routing 
Routing 
Routing 
Routing 
Routing 
Routing 
Routing 
Routing 
Routing dgntsj
Routing company
Routing 企业资质
Routing contactus
Routing 工厂实景
Routing case
Routing gssddhl
Routing hlddhl
Routing 
Routing 
Routing 
Routing 
Routing 
Routing 
Routing 
Routing 
Routing dgntsj
Routing company
Routing 企业资质
Routing contactus
Routing 工厂实景
Routing case
Routing gssddhl
Routing hlddhl
Routing 
Routing 
Routing 
Routing 
Routing 
Routing 
Routing 
Routing 
Routing dgntsj
Routing company
Routing 企业资质
Routing contactus
Routing 工厂实景
Routing case
Routing gssddhl
Routing hlddhl
Routing 
Routing 
Routing 
Routing 
Routing 
Routing 
Routing 
Routing 
Routing dgntsj
Routing company
Routing 企业资质
Routing contactus
Routing 工厂实景
Routing case
Routing gssddhl
Routing hlddhl
Routing 
Routing 
Routing 
Routing 
Routing 
Routing 
Routing 
Routing 
Routing dgntsj
Routing company
Routing 企业资质
Routing contactus
Routing 工厂实景
Routing case
Routing gssddhl
Routing hlddhl
Routing 
Routing 
Routing 
Routing 
Routing 
Routing 
Routing 
Routing 
Routing dgntsj
hash a has keys:1,2
hash b has keys:3,4
Routing company
Routing 企业资质
Routing contactus
Routing 工厂实景
Routing case
Routing gssddhl
Routing hlddhl
Routing 
Routing 
Routing 
Routing 
Routing 
Routing 
Routing 
Routing 
Routing dgntsj
Routing company
Routing 企业资质
Routing contactus
Routing 工厂实景
Routing case
Routing gssddhl
Routing hlddhl
Routing 
Routing 
Routing 
Routing 
Routing 
Routing 
Routing 
Routing 
Routing dgntsj
Routing company
Routing 企业资质
Routing contactus
Routing 工厂实景
Routing case
Routing gssddhl
Routing hlddhl
Routing 
Routing 
Routing 
Routing 
Routing 
Routing 
Routing 
Routing 
Routing dgntsj
Routing company
Routing 企业资质
Routing contactus
Routing 工厂实景
Routing case
Routing gssddhl
Routing hlddhl
Routing 
Routing 
Routing 
Routing 
Routing 
Routing 
Routing 
Routing 
Routing dgntsj
Routing company
Routing 企业资质
Routing contactus
Routing 工厂实景
Routing case
Routing gssddhl
Routing hlddhl
Routing 
Routing 
Routing 
Routing 
Routing 
Routing 
Routing 
Routing 
Routing dgntsj
hash a has keys:1,2
hash b has keys:3,4
Routing company
Routing 企业资质
Routing contactus
Routing 工厂实景
Routing case
Routing gssddhl
Routing hlddhl
Routing 
Routing 
Routing 
Routing 
Routing 
Routing 
Routing 
Routing 
Routing dgntsj
Routing company
Routing 企业资质
Routing contactus
Routing 工厂实景
Routing case
Routing gssddhl
Routing hlddhl
Routing 
Routing 
Routing 
Routing 
Routing 
Routing 
Routing 
Routing 
Routing dgntsj
hash a has keys:1,2
hash b has keys:3,4
Routing company
Routing 企业资质
Routing contactus
Routing 工厂实景
Routing case
Routing gssddhl
Routing hlddhl
Routing 
Routing 
Routing 
Routing 
Routing 
Routing 
Routing 
Routing 
Routing dgntsj
Routing company
Routing 企业资质
Routing contactus
Routing 工厂实景
Routing case
Routing gssddhl
Routing hlddhl
Routing 
Routing 
Routing 
Routing 
Routing 
Routing 
Routing 
Routing 
Routing dgntsj
Routing company
Routing 企业资质
Routing contactus
Routing 工厂实景
Routing case
Routing gssddhl
Routing hlddhl
Routing 
Routing 
Routing 
Routing 
Routing 
Routing 
Routing 
Routing 
Routing dgntsj
Routing company
Routing 企业资质
Routing contactus
Routing 工厂实景
Routing case
Routing gssddhl
Routing hlddhl
Routing 
Routing 
Routing 
Routing 
Routing 
Routing 
Routing 
Routing 
Routing dgntsj
hash a has keys:1,2
hash b has keys:3,4
hash a has keys:1,2
hash b has keys:3,4
hash a has keys:1,2
hash b has keys:3,4
hash a has keys:1,2
hash b has keys:3,4
hash a has keys:1,2
hash b has keys:3,4
hash a has keys:1,2
hash b has keys:3,4
